<?xml version="1.0" encoding="UTF-8"?>
<!-- Generated by org.testng.reporters.JUnitReportReporter -->
<testsuite skipped="0" hostname="DESKTOP-2OMQVV1" name="mavenforjenkins.UITest" tests="1" failures="0" timestamp="2021-11-08T23:48:42 IST" time="13.110" errors="0">
  <testcase name="startBrowser" time="13.110" classname="mavenforjenkins.UITest"/>
  <system-out/>
</testsuite> <!-- mavenforjenkins.UITest -->
